2015_04_03_ReaChR_F1_ab3_1_EA.mat
2015_04_03_ReaChR_F1_ab3_1_EA_LP.mat
2015_04_03_ReaChR_F1_ab3_2_EA_LP.mat
2015_04_03_ReaChR_F1_ab3_3_EA_LP.mat
2015_04_03_ReaChR_F2_ab3_1_EA.mat
2015_04_03_ReaChR_F2_ab3_2_EA.mat
2015_04_03_ReaChR_F2_ab3_3_EA_2.mat
2015_04_03_ReaChR_F2_ab3_4_EA_2.mat
2015_04_03_ReaChR_F3_ab3_1_EA.mat
2015_04_03_ReaChR_F3_ab3_2_EA.mat
2015_04_03_ReaChR_F3_ab3_3_EA.mat
2015_04_03_ReaChR_F4_ab3_1_EA.mat
2015_04_03_ReaChR_F4_ab3_2_EA.mat
2015_04_08_RR_F2_ab3_2_EA.mat
2015_04_08_RR_F2_ab3_3_EA.mat
2015_04_08_RR_F2_ab3_3_EA_2.mat
2015_04_08_RR_F2_ab3_4_EA_2.mat
2015_04_10_RR_F2_ab3_1_EA.mat
2015_04_10_RR_F2_ab3_2_EA.mat
2015_04_10_RR_F2_ab3_2_EA_2.mat
2015_04_10_RR_F2_ab3_3_EA.mat
2015_04_10_RR_F2_ab3_4_EA.mat
2015_04_10_RR_F3_ab3_1_EA_2mM.mat
2015_04_10_RR_F3_ab3_2_EA_2mM.mat  				USELESS
2015_04_10_RR_F3_ab3_3_EA_2mM.mat
2015_04_10_RR_F3_ab3_5_EA_2mM.mat 				odour pulses, showing increased sensitivity to odour?
2015_04_10_RR_F3_ab3_6_EA_2mM.mat  				short pulse. nothing else. 

2015_04_16_RR_F1_ab3_1_EA_1mM.mat 				short pulse, odour flicker + 4 light levels
2015_04_16_RR_F2_ab3_1_EA_1mM.mat  				short, long pulses. odour flicker + light			
2015_04_16_RR_F2_ab3_1_EA_1mM_2.mat  			2 short pulses, 2 paradigms of odour flicker + light
2015_04_16_RR_F3_ab3_1_EA_1mM.mat 				only 1 short pulse. 
2015_04_16_RR_F4_ab3_1_EA_1mM_2days.mat 		USELESS
2015_04_16_RR_F4_ab3_2_EA_1mM_2days.mat 	 	only 1 short pulse. 	
2015_04_16_RR_F5_ab3_1_EA_1mM_2days.mat 		short and long pulses. A neuron pinching heavily. most data unusable. this is a PROBLEMATIC file. ORN barely responds to odour. 
2015_04_16_RR_F5_ab3_3_EA_1mM_2days.mat 		only 2 short pulses

2015_04_17_RR_F1_ab3_1_EA_1mM.mat 				USELESS
2015_04_17_RR_F2_ab3_1_EA_1mM_4days.mat 		light flicker + 2 cases of constant odour
2015_04_17_RR_F3_ab3_1_EA_1mM.mat 				odour flicker and light flicker. compare. 
2015_04_17_RR_F3_ab3_4_EA_1mM.mat 				light flicker (4 odour cases). 
2015_04_17_RR_F3_ab3_5_EA_1mM.mat 				light flicker (no odour), nothing else

2015_04_27_RR_F3_ab3_1_1mM.mat                  this has a 100Hz oscillation of light. 

2015_04_17_RR_F1_ab3_1_EA_1mM.mat	


2015_04_28_RR_F1_ab3_2_EA_400uM.mat	 			odour flicker + light.  strange light pulse (B resp.)
2015_04_28_RR_F1_ab3_2_EA_400uM_2.mat 			another light. combine with previous. 
2015_04_28_RR_F1_ab3_3_EA_400uM.mat 			strange light pulse (B resp)
2015_04_28_RR_F1_ab3_4_EA_400uM.mat 			JUNK
2015_04_28_RR_F2_ab3_5_EA_400uM.mat 			JUNK
2015_04_28_RR_F2_ab3_6_EA_400uM.mat 	        JUNK
2015_04_28_RR_F3_ab3_1_EA_400uM.mat 			JUNK




