This is pdfTeX, Version 3.1415926-2.3-1.40.12 (TeX Live 2011) (format=pdflatex 2011.7.3)  7 FEB 2014 16:41
entering extended mode
 \write18 enabled.
 file:line:error style messages enabled.
 %&-line parsing enabled.
**Analysis_February.tex
(./Analysis_February.tex
LaTeX2e <2009/09/24>
Babel <v3.8l> and hyphenation patterns for english, dumylang, nohyphenation, ge
rman-x-2009-06-19, ngerman-x-2009-06-19, afrikaans, ancientgreek, ibycus, arabi
c, armenian, basque, bulgarian, catalan, pinyin, coptic, croatian, czech, danis
h, dutch, ukenglish, usenglishmax, esperanto, estonian, ethiopic, farsi, finnis
h, french, galician, german, ngerman, swissgerman, monogreek, greek, hungarian,
 icelandic, assamese, bengali, gujarati, hindi, kannada, malayalam, marathi, or
iya, panjabi, tamil, telugu, indonesian, interlingua, irish, italian, kurmanji,
 lao, latin, latvian, lithuanian, mongolian, mongolianlmc, bokmal, nynorsk, pol
ish, portuguese, romanian, russian, sanskrit, serbian, serbianc, slovak, sloven
ian, spanish, swedish, turkish, turkmen, ukrainian, uppersorbian, welsh, loaded
.
(/usr/local/texlive/2011/texmf-dist/tex/latex/base/article.cls
Document Class: article 2007/10/19 v1.4h Standard LaTeX document class
(/usr/local/texlive/2011/texmf-dist/tex/latex/base/size10.clo
File: size10.clo 2007/10/19 v1.4h Standard LaTeX file (size option)
)
\c@part=\count79
\c@section=\count80
\c@subsection=\count81
\c@subsubsection=\count82
\c@paragraph=\count83
\c@subparagraph=\count84
\c@figure=\count85
\c@table=\count86
\abovecaptionskip=\skip41
\belowcaptionskip=\skip42
\bibindent=\dimen102
)
(/usr/local/texlive/2011/texmf-dist/tex/latex/graphics/graphicx.sty
Package: graphicx 1999/02/16 v1.0f Enhanced LaTeX Graphics (DPC,SPQR)

(/usr/local/texlive/2011/texmf-dist/tex/latex/graphics/keyval.sty
Package: keyval 1999/03/16 v1.13 key=value parser (DPC)
\KV@toks@=\toks14
)
(/usr/local/texlive/2011/texmf-dist/tex/latex/graphics/graphics.sty
Package: graphics 2009/02/05 v1.0o Standard LaTeX Graphics (DPC,SPQR)

(/usr/local/texlive/2011/texmf-dist/tex/latex/graphics/trig.sty
Package: trig 1999/03/16 v1.09 sin cos tan (DPC)
)
(/usr/local/texlive/2011/texmf-dist/tex/latex/latexconfig/graphics.cfg
File: graphics.cfg 2010/04/23 v1.9 graphics configuration of TeX Live
)
Package graphics Info: Driver file: pdftex.def on input line 91.

(/usr/local/texlive/2011/texmf-dist/tex/latex/pdftex-def/pdftex.def
File: pdftex.def 2011/05/27 v0.06d Graphics/color for pdfTeX

(/usr/local/texlive/2011/texmf-dist/tex/generic/oberdiek/infwarerr.sty
Package: infwarerr 2010/04/08 v1.3 Providing info/warning/message (HO)
)
(/usr/local/texlive/2011/texmf-dist/tex/generic/oberdiek/ltxcmds.sty
Package: ltxcmds 2011/04/18 v1.20 LaTeX kernel commands for general use (HO)
)
\Gread@gobject=\count87
))
\Gin@req@height=\dimen103
\Gin@req@width=\dimen104
)
(/usr/local/texlive/2011/texmf-dist/tex/latex/graphics/color.sty
Package: color 2005/11/14 v1.0j Standard LaTeX Color (DPC)

(/usr/local/texlive/2011/texmf-dist/tex/latex/latexconfig/color.cfg
File: color.cfg 2007/01/18 v1.5 color configuration of teTeX/TeXLive
)
Package color Info: Driver file: pdftex.def on input line 130.
)
(/usr/local/texlive/2011/texmf-dist/tex/latex/geometry/geometry.sty
Package: geometry 2010/09/12 v5.6 Page Geometry

(/usr/local/texlive/2011/texmf-dist/tex/generic/oberdiek/ifpdf.sty
Package: ifpdf 2011/01/30 v2.3 Provides the ifpdf switch (HO)
Package ifpdf Info: pdfTeX in PDF mode is detected.
)
(/usr/local/texlive/2011/texmf-dist/tex/generic/oberdiek/ifvtex.sty
Package: ifvtex 2010/03/01 v1.5 Switches for detecting VTeX and its modes (HO)
Package ifvtex Info: VTeX not detected.
)
(/usr/local/texlive/2011/texmf-dist/tex/generic/ifxetex/ifxetex.sty
Package: ifxetex 2010/09/12 v0.6 Provides ifxetex conditional
)
\Gm@cnth=\count88
\Gm@cntv=\count89
\c@Gm@tempcnt=\count90
\Gm@bindingoffset=\dimen105
\Gm@wd@mp=\dimen106
\Gm@odd@mp=\dimen107
\Gm@even@mp=\dimen108
\Gm@layoutwidth=\dimen109
\Gm@layoutheight=\dimen110
\Gm@layouthoffset=\dimen111
\Gm@layoutvoffset=\dimen112
\Gm@dimlist=\toks15
)
(./Analysis_February.aux)
\openout1 = `Analysis_February.aux'.

LaTeX Font Info:    Checking defaults for OML/cmm/m/it on input line 14.
LaTeX Font Info:    ... okay on input line 14.
LaTeX Font Info:    Checking defaults for T1/cmr/m/n on input line 14.
LaTeX Font Info:    ... okay on input line 14.
LaTeX Font Info:    Checking defaults for OT1/cmr/m/n on input line 14.
LaTeX Font Info:    ... okay on input line 14.
LaTeX Font Info:    Checking defaults for OMS/cmsy/m/n on input line 14.
LaTeX Font Info:    ... okay on input line 14.
LaTeX Font Info:    Checking defaults for OMX/cmex/m/n on input line 14.
LaTeX Font Info:    ... okay on input line 14.
LaTeX Font Info:    Checking defaults for U/cmr/m/n on input line 14.
LaTeX Font Info:    ... okay on input line 14.

(/usr/local/texlive/2011/texmf-dist/tex/context/base/supp-pdf.mkii
[Loading MPS to PDF converter (version 2006.09.02).]
\scratchcounter=\count91
\scratchdimen=\dimen113
\scratchbox=\box26
\nofMPsegments=\count92
\nofMParguments=\count93
\everyMPshowfont=\toks16
\MPscratchCnt=\count94
\MPscratchDim=\dimen114
\MPnumerator=\count95
\makeMPintoPDFobject=\count96
\everyMPtoPDFconversion=\toks17
) (/usr/local/texlive/2011/texmf-dist/tex/generic/oberdiek/pdftexcmds.sty
Package: pdftexcmds 2011/04/22 v0.16 Utilities of pdfTeX for LuaTeX (HO)

(/usr/local/texlive/2011/texmf-dist/tex/generic/oberdiek/ifluatex.sty
Package: ifluatex 2010/03/01 v1.3 Provides the ifluatex switch (HO)
Package ifluatex Info: LuaTeX not detected.
)
Package pdftexcmds Info: LuaTeX not detected.
Package pdftexcmds Info: \pdf@primitive is available.
Package pdftexcmds Info: \pdf@ifprimitive is available.
Package pdftexcmds Info: \pdfdraftmode found.
)
(/usr/local/texlive/2011/texmf-dist/tex/latex/oberdiek/epstopdf-base.sty
Package: epstopdf-base 2010/02/09 v2.5 Base part for package epstopdf

(/usr/local/texlive/2011/texmf-dist/tex/latex/oberdiek/grfext.sty
Package: grfext 2010/08/19 v1.1 Managing graphics extensions (HO)

(/usr/local/texlive/2011/texmf-dist/tex/generic/oberdiek/kvdefinekeys.sty
Package: kvdefinekeys 2011/04/07 v1.3 Defining keys (HO)
))
(/usr/local/texlive/2011/texmf-dist/tex/latex/oberdiek/kvoptions.sty
Package: kvoptions 2010/12/23 v3.10 Keyval support for LaTeX options (HO)

(/usr/local/texlive/2011/texmf-dist/tex/generic/oberdiek/kvsetkeys.sty
Package: kvsetkeys 2011/04/07 v1.13 Key value parser (HO)

(/usr/local/texlive/2011/texmf-dist/tex/generic/oberdiek/etexcmds.sty
Package: etexcmds 2011/02/16 v1.5 Prefix for e-TeX command names (HO)
Package etexcmds Info: Could not find \expanded.
(etexcmds)             That can mean that you are not using pdfTeX 1.50 or
(etexcmds)             that some package has redefined \expanded.
(etexcmds)             In the latter case, load this package earlier.
)))
Package grfext Info: Graphics extension search list:
(grfext)             [.png,.pdf,.jpg,.mps,.jpeg,.jbig2,.jb2,.PNG,.PDF,.JPG,.JPE
G,.JBIG2,.JB2,.eps]
(grfext)             \AppendGraphicsExtensions on input line 452.

(/usr/local/texlive/2011/texmf-dist/tex/latex/latexconfig/epstopdf-sys.cfg
File: epstopdf-sys.cfg 2010/07/13 v1.3 Configuration of (r)epstopdf for TeX Liv
e
))
*geometry* driver: auto-detecting
*geometry* detected driver: pdftex
*geometry* verbose mode - [ preamble ] result:
* driver: pdftex
* paper: <default>
* layout: <same size as paper>
* layoutoffset:(h,v)=(0.0pt,0.0pt)
* modes: 
* h-part:(L,W,R)=(72.26999pt, 469.75502pt, 72.26999pt)
* v-part:(T,H,B)=(72.26999pt, 650.43001pt, 72.26999pt)
* \paperwidth=614.295pt
* \paperheight=794.96999pt
* \textwidth=469.75502pt
* \textheight=650.43001pt
* \oddsidemargin=0.0pt
* \evensidemargin=0.0pt
* \topmargin=-37.0pt
* \headheight=12.0pt
* \headsep=25.0pt
* \topskip=10.0pt
* \footskip=30.0pt
* \marginparwidth=65.0pt
* \marginparsep=11.0pt
* \columnsep=10.0pt
* \skip\footins=9.0pt plus 4.0pt minus 2.0pt
* \hoffset=0.0pt
* \voffset=0.0pt
* \mag=1000
* \@twocolumnfalse
* \@twosidefalse
* \@mparswitchfalse
* \@reversemarginfalse
* (1in=72.27pt=25.4mm, 1cm=28.453pt)

LaTeX Font Info:    External font `cmex10' loaded for size
(Font)              <12> on input line 18.
LaTeX Font Info:    External font `cmex10' loaded for size
(Font)              <8> on input line 18.
LaTeX Font Info:    External font `cmex10' loaded for size
(Font)              <6> on input line 18.
LaTeX Font Info:    Try loading font information for OMS+cmr on input line 26.
(/usr/local/texlive/2011/texmf-dist/tex/latex/base/omscmr.fd
File: omscmr.fd 1999/05/25 v2.5h Standard LaTeX font definitions
)
LaTeX Font Info:    Font shape `OMS/cmr/m/n' in size <10> not available
(Font)              Font shape `OMS/cmsy/m/n' tried instead on input line 26.
LaTeX Font Info:    External font `cmex10' loaded for size
(Font)              <7> on input line 45.
LaTeX Font Info:    External font `cmex10' loaded for size
(Font)              <5> on input line 45.
 [1

{/usr/local/texlive/2011/texmf-var/fonts/map/pdftex/updmap/pdftex.map}]
<Analysis_February_01.pdf, id=12, 1204.5pt x 803.0pt>
File: Analysis_February_01.pdf Graphic file (type pdf)

<use Analysis_February_01.pdf>
Package pdftex.def Info: Analysis_February_01.pdf used on input line 86.
(pdftex.def)             Requested size: 469.75502pt x 313.16875pt.

Overfull \hbox (10.0pt too wide) in paragraph at lines 86--87
[][] 
 []

<Analysis_February_02.pdf, id=13, 1003.75pt x 401.5pt>
File: Analysis_February_02.pdf Graphic file (type pdf)

<use Analysis_February_02.pdf>
Package pdftex.def Info: Analysis_February_02.pdf used on input line 91.
(pdftex.def)             Requested size: 469.75502pt x 187.90247pt.

Overfull \hbox (10.0pt too wide) in paragraph at lines 91--92
[][] 
 []

<Analysis_February_03.pdf, id=14, 1003.75pt x 401.5pt> [2 <./Analysis_February_
01.pdf>]
File: Analysis_February_03.pdf Graphic file (type pdf)
 <use Analysis_February_03.pdf>
Package pdftex.def Info: Analysis_February_03.pdf used on input line 93.
(pdftex.def)             Requested size: 469.75502pt x 187.90247pt.

Overfull \hbox (10.0pt too wide) in paragraph at lines 93--94
[][] 
 []

<Analysis_February_04.pdf, id=23, 1003.75pt x 401.5pt>
File: Analysis_February_04.pdf Graphic file (type pdf)

<use Analysis_February_04.pdf>
Package pdftex.def Info: Analysis_February_04.pdf used on input line 95.
(pdftex.def)             Requested size: 469.75502pt x 187.90247pt.

Overfull \hbox (10.0pt too wide) in paragraph at lines 95--96
[][] 
 []

<Analysis_February_05.pdf, id=24, 1003.75pt x 401.5pt>
File: Analysis_February_05.pdf Graphic file (type pdf)

<use Analysis_February_05.pdf>
Package pdftex.def Info: Analysis_February_05.pdf used on input line 97.
(pdftex.def)             Requested size: 469.75502pt x 187.90247pt.

Overfull \hbox (10.0pt too wide) in paragraph at lines 97--98
[][] 
 []

<Analysis_February_06.pdf, id=25, 1003.75pt x 401.5pt> [3 <./Analysis_February_
02.pdf> <./Analysis_February_03.pdf> <./Analysis_February_04.pdf>]
File: Analysis_February_06.pdf Graphic file (type pdf)

<use Analysis_February_06.pdf>
Package pdftex.def Info: Analysis_February_06.pdf used on input line 99.
(pdftex.def)             Requested size: 469.75502pt x 187.90247pt.

Overfull \hbox (10.0pt too wide) in paragraph at lines 99--100
[][] 
 []

<Analysis_February_07.pdf, id=41, 1003.75pt x 401.5pt>
File: Analysis_February_07.pdf Graphic file (type pdf)

<use Analysis_February_07.pdf>
Package pdftex.def Info: Analysis_February_07.pdf used on input line 101.
(pdftex.def)             Requested size: 469.75502pt x 187.90247pt.

Overfull \hbox (10.0pt too wide) in paragraph at lines 101--102
[][] 
 []

<Analysis_February_08.pdf, id=42, 1003.75pt x 401.5pt>
File: Analysis_February_08.pdf Graphic file (type pdf)

<use Analysis_February_08.pdf>
Package pdftex.def Info: Analysis_February_08.pdf used on input line 103.
(pdftex.def)             Requested size: 469.75502pt x 187.90247pt.

Overfull \hbox (10.0pt too wide) in paragraph at lines 103--104
[][] 
 []

<Analysis_February_09.pdf, id=43, 1003.75pt x 401.5pt> [4 <./Analysis_February_
05.pdf> <./Analysis_February_06.pdf> <./Analysis_February_07.pdf>]
File: Analysis_February_09.pdf Graphic file (type pdf)

<use Analysis_February_09.pdf>
Package pdftex.def Info: Analysis_February_09.pdf used on input line 105.
(pdftex.def)             Requested size: 469.75502pt x 187.90247pt.

Overfull \hbox (10.0pt too wide) in paragraph at lines 105--106
[][] 
 []

<Analysis_February_10.pdf, id=59, 1003.75pt x 401.5pt>
File: Analysis_February_10.pdf Graphic file (type pdf)

<use Analysis_February_10.pdf>
Package pdftex.def Info: Analysis_February_10.pdf used on input line 107.
(pdftex.def)             Requested size: 469.75502pt x 187.90247pt.

Overfull \hbox (10.0pt too wide) in paragraph at lines 107--108
[][] 
 []

<Analysis_February_11.pdf, id=60, 1003.75pt x 401.5pt>
File: Analysis_February_11.pdf Graphic file (type pdf)

<use Analysis_February_11.pdf>
Package pdftex.def Info: Analysis_February_11.pdf used on input line 109.
(pdftex.def)             Requested size: 469.75502pt x 187.90247pt.

Overfull \hbox (10.0pt too wide) in paragraph at lines 109--110
[][] 
 []

<Analysis_February_12.pdf, id=61, 1003.75pt x 401.5pt> [5 <./Analysis_February_
08.pdf> <./Analysis_February_09.pdf> <./Analysis_February_10.pdf>]
File: Analysis_February_12.pdf Graphic file (type pdf)

<use Analysis_February_12.pdf>
Package pdftex.def Info: Analysis_February_12.pdf used on input line 111.
(pdftex.def)             Requested size: 469.75502pt x 187.90247pt.

Overfull \hbox (10.0pt too wide) in paragraph at lines 111--112
[][] 
 []

<Analysis_February_13.pdf, id=77, 1003.75pt x 401.5pt>
File: Analysis_February_13.pdf Graphic file (type pdf)

<use Analysis_February_13.pdf>
Package pdftex.def Info: Analysis_February_13.pdf used on input line 113.
(pdftex.def)             Requested size: 469.75502pt x 187.90247pt.

Overfull \hbox (10.0pt too wide) in paragraph at lines 113--114
[][] 
 []

<Analysis_February_14.pdf, id=78, 1003.75pt x 401.5pt>
File: Analysis_February_14.pdf Graphic file (type pdf)

<use Analysis_February_14.pdf>
Package pdftex.def Info: Analysis_February_14.pdf used on input line 115.
(pdftex.def)             Requested size: 469.75502pt x 187.90247pt.

Overfull \hbox (10.0pt too wide) in paragraph at lines 115--116
[][] 
 []

<Analysis_February_15.pdf, id=79, 1003.75pt x 401.5pt> [6 <./Analysis_February_
11.pdf> <./Analysis_February_12.pdf> <./Analysis_February_13.pdf>]
File: Analysis_February_15.pdf Graphic file (type pdf)

<use Analysis_February_15.pdf>
Package pdftex.def Info: Analysis_February_15.pdf used on input line 117.
(pdftex.def)             Requested size: 469.75502pt x 187.90247pt.

Overfull \hbox (10.0pt too wide) in paragraph at lines 117--118
[][] 
 []

<Analysis_February_16.pdf, id=95, 1003.75pt x 401.5pt>
File: Analysis_February_16.pdf Graphic file (type pdf)

<use Analysis_February_16.pdf>
Package pdftex.def Info: Analysis_February_16.pdf used on input line 119.
(pdftex.def)             Requested size: 469.75502pt x 187.90247pt.

Overfull \hbox (10.0pt too wide) in paragraph at lines 119--120
[][] 
 []

<Analysis_February_17.pdf, id=96, 1003.75pt x 401.5pt>
File: Analysis_February_17.pdf Graphic file (type pdf)

<use Analysis_February_17.pdf>
Package pdftex.def Info: Analysis_February_17.pdf used on input line 121.
(pdftex.def)             Requested size: 469.75502pt x 187.90247pt.

Overfull \hbox (10.0pt too wide) in paragraph at lines 121--122
[][] 
 []

<Analysis_February_18.pdf, id=97, 1003.75pt x 401.5pt> [7 <./Analysis_February_
14.pdf> <./Analysis_February_15.pdf> <./Analysis_February_16.pdf>]
File: Analysis_February_18.pdf Graphic file (type pdf)

<use Analysis_February_18.pdf>
Package pdftex.def Info: Analysis_February_18.pdf used on input line 123.
(pdftex.def)             Requested size: 469.75502pt x 187.90247pt.

Overfull \hbox (10.0pt too wide) in paragraph at lines 123--124
[][] 
 []

<Analysis_February_19.pdf, id=114, 1003.75pt x 401.5pt>
File: Analysis_February_19.pdf Graphic file (type pdf)

<use Analysis_February_19.pdf>
Package pdftex.def Info: Analysis_February_19.pdf used on input line 125.
(pdftex.def)             Requested size: 469.75502pt x 187.90247pt.

Overfull \hbox (10.0pt too wide) in paragraph at lines 125--126
[][] 
 []

<Analysis_February_20.pdf, id=115, 1204.5pt x 803.0pt>
File: Analysis_February_20.pdf Graphic file (type pdf)

<use Analysis_February_20.pdf>
Package pdftex.def Info: Analysis_February_20.pdf used on input line 130.
(pdftex.def)             Requested size: 469.75502pt x 313.16875pt.

Overfull \hbox (10.0pt too wide) in paragraph at lines 130--131
[][] 
 []

[8 <./Analysis_February_17.pdf> <./Analysis_February_18.pdf> <./Analysis_Februa
ry_19.pdf>] [9 <./Analysis_February_20.pdf>] (./Analysis_February.aux) ) 
Here is how much of TeX's memory you used:
 2097 strings out of 493633
 31874 string characters out of 3143378
 91403 words of memory out of 3000000
 5369 multiletter control sequences out of 15000+200000
 7496 words of font info for 27 fonts, out of 3000000 for 9000
 831 hyphenation exceptions out of 8191
 38i,6n,32p,580b,248s stack positions out of 5000i,500n,10000p,200000b,50000s
</usr/l
ocal/texlive/2011/texmf-dist/fonts/type1/public/amsfonts/cm/cmbx12.pfb></usr/lo
cal/texlive/2011/texmf-dist/fonts/type1/public/amsfonts/cm/cmmi10.pfb></usr/loc
al/texlive/2011/texmf-dist/fonts/type1/public/amsfonts/cm/cmr10.pfb></usr/local
/texlive/2011/texmf-dist/fonts/type1/public/amsfonts/cm/cmr12.pfb></usr/local/t
exlive/2011/texmf-dist/fonts/type1/public/amsfonts/cm/cmr17.pfb></usr/local/tex
live/2011/texmf-dist/fonts/type1/public/amsfonts/cm/cmsy10.pfb></usr/local/texl
ive/2011/texmf-dist/fonts/type1/public/amsfonts/cm/cmti10.pfb></usr/local/texli
ve/2011/texmf-dist/fonts/type1/public/amsfonts/cm/cmtt10.pfb>
Output written on Analysis_February.pdf (9 pages, 390328 bytes).
PDF statistics:
 188 PDF objects out of 1000 (max. 8388607)
 124 compressed objects within 2 object streams
 0 named destinations out of 1000 (max. 500000)
 101 words of extra memory for PDF output out of 10000 (max. 10000000)

