This is pdfTeX, Version 3.1415926-2.5-1.40.14 (TeX Live 2013) (format=pdflatex 2013.5.30)  9 JUL 2014 13:52
entering extended mode
 restricted \write18 enabled.
 file:line:error style messages enabled.
 %&-line parsing enabled.
**Mahmut_Data_Analysis.tex
(./Mahmut_Data_Analysis.tex
LaTeX2e <2011/06/27>
Babel <3.9f> and hyphenation patterns for 78 languages loaded.
(/usr/local/texlive/2013/texmf-dist/tex/latex/base/article.cls
Document Class: article 2007/10/19 v1.4h Standard LaTeX document class
(/usr/local/texlive/2013/texmf-dist/tex/latex/base/size10.clo
File: size10.clo 2007/10/19 v1.4h Standard LaTeX file (size option)
)
\c@part=\count79
\c@section=\count80
\c@subsection=\count81
\c@subsubsection=\count82
\c@paragraph=\count83
\c@subparagraph=\count84
\c@figure=\count85
\c@table=\count86
\abovecaptionskip=\skip41
\belowcaptionskip=\skip42
\bibindent=\dimen102
)
(/usr/local/texlive/2013/texmf-dist/tex/latex/graphics/graphicx.sty
Package: graphicx 1999/02/16 v1.0f Enhanced LaTeX Graphics (DPC,SPQR)

(/usr/local/texlive/2013/texmf-dist/tex/latex/graphics/keyval.sty
Package: keyval 1999/03/16 v1.13 key=value parser (DPC)
\KV@toks@=\toks14
)
(/usr/local/texlive/2013/texmf-dist/tex/latex/graphics/graphics.sty
Package: graphics 2009/02/05 v1.0o Standard LaTeX Graphics (DPC,SPQR)

(/usr/local/texlive/2013/texmf-dist/tex/latex/graphics/trig.sty
Package: trig 1999/03/16 v1.09 sin cos tan (DPC)
)
(/usr/local/texlive/2013/texmf-dist/tex/latex/latexconfig/graphics.cfg
File: graphics.cfg 2010/04/23 v1.9 graphics configuration of TeX Live
)
Package graphics Info: Driver file: pdftex.def on input line 91.

(/usr/local/texlive/2013/texmf-dist/tex/latex/pdftex-def/pdftex.def
File: pdftex.def 2011/05/27 v0.06d Graphics/color for pdfTeX

(/usr/local/texlive/2013/texmf-dist/tex/generic/oberdiek/infwarerr.sty
Package: infwarerr 2010/04/08 v1.3 Providing info/warning/error messages (HO)
)
(/usr/local/texlive/2013/texmf-dist/tex/generic/oberdiek/ltxcmds.sty
Package: ltxcmds 2011/11/09 v1.22 LaTeX kernel commands for general use (HO)
)
\Gread@gobject=\count87
))
\Gin@req@height=\dimen103
\Gin@req@width=\dimen104
)
(/usr/local/texlive/2013/texmf-dist/tex/latex/graphics/color.sty
Package: color 2005/11/14 v1.0j Standard LaTeX Color (DPC)

(/usr/local/texlive/2013/texmf-dist/tex/latex/latexconfig/color.cfg
File: color.cfg 2007/01/18 v1.5 color configuration of teTeX/TeXLive
)
Package color Info: Driver file: pdftex.def on input line 130.
)
(/usr/local/texlive/2013/texmf-dist/tex/latex/geometry/geometry.sty
Package: geometry 2010/09/12 v5.6 Page Geometry

(/usr/local/texlive/2013/texmf-dist/tex/generic/oberdiek/ifpdf.sty
Package: ifpdf 2011/01/30 v2.3 Provides the ifpdf switch (HO)
Package ifpdf Info: pdfTeX in PDF mode is detected.
)
(/usr/local/texlive/2013/texmf-dist/tex/generic/oberdiek/ifvtex.sty
Package: ifvtex 2010/03/01 v1.5 Detect VTeX and its facilities (HO)
Package ifvtex Info: VTeX not detected.
)
(/usr/local/texlive/2013/texmf-dist/tex/generic/ifxetex/ifxetex.sty
Package: ifxetex 2010/09/12 v0.6 Provides ifxetex conditional
)
\Gm@cnth=\count88
\Gm@cntv=\count89
\c@Gm@tempcnt=\count90
\Gm@bindingoffset=\dimen105
\Gm@wd@mp=\dimen106
\Gm@odd@mp=\dimen107
\Gm@even@mp=\dimen108
\Gm@layoutwidth=\dimen109
\Gm@layoutheight=\dimen110
\Gm@layouthoffset=\dimen111
\Gm@layoutvoffset=\dimen112
\Gm@dimlist=\toks15
)
(./Mahmut_Data_Analysis.aux)
\openout1 = `Mahmut_Data_Analysis.aux'.

LaTeX Font Info:    Checking defaults for OML/cmm/m/it on input line 14.
LaTeX Font Info:    ... okay on input line 14.
LaTeX Font Info:    Checking defaults for T1/cmr/m/n on input line 14.
LaTeX Font Info:    ... okay on input line 14.
LaTeX Font Info:    Checking defaults for OT1/cmr/m/n on input line 14.
LaTeX Font Info:    ... okay on input line 14.
LaTeX Font Info:    Checking defaults for OMS/cmsy/m/n on input line 14.
LaTeX Font Info:    ... okay on input line 14.
LaTeX Font Info:    Checking defaults for OMX/cmex/m/n on input line 14.
LaTeX Font Info:    ... okay on input line 14.
LaTeX Font Info:    Checking defaults for U/cmr/m/n on input line 14.
LaTeX Font Info:    ... okay on input line 14.

(/usr/local/texlive/2013/texmf-dist/tex/context/base/supp-pdf.mkii
[Loading MPS to PDF converter (version 2006.09.02).]
\scratchcounter=\count91
\scratchdimen=\dimen113
\scratchbox=\box26
\nofMPsegments=\count92
\nofMParguments=\count93
\everyMPshowfont=\toks16
\MPscratchCnt=\count94
\MPscratchDim=\dimen114
\MPnumerator=\count95
\makeMPintoPDFobject=\count96
\everyMPtoPDFconversion=\toks17
) (/usr/local/texlive/2013/texmf-dist/tex/generic/oberdiek/pdftexcmds.sty
Package: pdftexcmds 2011/11/29 v0.20 Utility functions of pdfTeX for LuaTeX (HO
)

(/usr/local/texlive/2013/texmf-dist/tex/generic/oberdiek/ifluatex.sty
Package: ifluatex 2010/03/01 v1.3 Provides the ifluatex switch (HO)
Package ifluatex Info: LuaTeX not detected.
)
Package pdftexcmds Info: LuaTeX not detected.
Package pdftexcmds Info: \pdf@primitive is available.
Package pdftexcmds Info: \pdf@ifprimitive is available.
Package pdftexcmds Info: \pdfdraftmode found.
)
(/usr/local/texlive/2013/texmf-dist/tex/latex/oberdiek/epstopdf-base.sty
Package: epstopdf-base 2010/02/09 v2.5 Base part for package epstopdf

(/usr/local/texlive/2013/texmf-dist/tex/latex/oberdiek/grfext.sty
Package: grfext 2010/08/19 v1.1 Manage graphics extensions (HO)

(/usr/local/texlive/2013/texmf-dist/tex/generic/oberdiek/kvdefinekeys.sty
Package: kvdefinekeys 2011/04/07 v1.3 Define keys (HO)
))
(/usr/local/texlive/2013/texmf-dist/tex/latex/oberdiek/kvoptions.sty
Package: kvoptions 2011/06/30 v3.11 Key value format for package options (HO)

(/usr/local/texlive/2013/texmf-dist/tex/generic/oberdiek/kvsetkeys.sty
Package: kvsetkeys 2012/04/25 v1.16 Key value parser (HO)

(/usr/local/texlive/2013/texmf-dist/tex/generic/oberdiek/etexcmds.sty
Package: etexcmds 2011/02/16 v1.5 Avoid name clashes with e-TeX commands (HO)
Package etexcmds Info: Could not find \expanded.
(etexcmds)             That can mean that you are not using pdfTeX 1.50 or
(etexcmds)             that some package has redefined \expanded.
(etexcmds)             In the latter case, load this package earlier.
)))
Package grfext Info: Graphics extension search list:
(grfext)             [.png,.pdf,.jpg,.mps,.jpeg,.jbig2,.jb2,.PNG,.PDF,.JPG,.JPE
G,.JBIG2,.JB2,.eps]
(grfext)             \AppendGraphicsExtensions on input line 452.

(/usr/local/texlive/2013/texmf-dist/tex/latex/latexconfig/epstopdf-sys.cfg
File: epstopdf-sys.cfg 2010/07/13 v1.3 Configuration of (r)epstopdf for TeX Liv
e
))
*geometry* driver: auto-detecting
*geometry* detected driver: pdftex
*geometry* verbose mode - [ preamble ] result:
* driver: pdftex
* paper: <default>
* layout: <same size as paper>
* layoutoffset:(h,v)=(0.0pt,0.0pt)
* modes: 
* h-part:(L,W,R)=(72.26999pt, 469.75502pt, 72.26999pt)
* v-part:(T,H,B)=(72.26999pt, 650.43001pt, 72.26999pt)
* \paperwidth=614.295pt
* \paperheight=794.96999pt
* \textwidth=469.75502pt
* \textheight=650.43001pt
* \oddsidemargin=0.0pt
* \evensidemargin=0.0pt
* \topmargin=-37.0pt
* \headheight=12.0pt
* \headsep=25.0pt
* \topskip=10.0pt
* \footskip=30.0pt
* \marginparwidth=65.0pt
* \marginparsep=11.0pt
* \columnsep=10.0pt
* \skip\footins=9.0pt plus 4.0pt minus 2.0pt
* \hoffset=0.0pt
* \voffset=0.0pt
* \mag=1000
* \@twocolumnfalse
* \@twosidefalse
* \@mparswitchfalse
* \@reversemarginfalse
* (1in=72.27pt=25.4mm, 1cm=28.453pt)

LaTeX Font Info:    External font `cmex10' loaded for size
(Font)              <12> on input line 18.
LaTeX Font Info:    External font `cmex10' loaded for size
(Font)              <8> on input line 18.
LaTeX Font Info:    External font `cmex10' loaded for size
(Font)              <6> on input line 18.
LaTeX Font Info:    Try loading font information for OMS+cmr on input line 26.
(/usr/local/texlive/2013/texmf-dist/tex/latex/base/omscmr.fd
File: omscmr.fd 1999/05/25 v2.5h Standard LaTeX font definitions
)
LaTeX Font Info:    Font shape `OMS/cmr/m/n' in size <10> not available
(Font)              Font shape `OMS/cmsy/m/n' tried instead on input line 26.

<Mahmut_Data_Analysis_01.pdf, id=1, 1003.75pt x 803.0pt>
File: Mahmut_Data_Analysis_01.pdf Graphic file (type pdf)

<use Mahmut_Data_Analysis_01.pdf>
Package pdftex.def Info: Mahmut_Data_Analysis_01.pdf used on input line 45.
(pdftex.def)             Requested size: 469.75502pt x 375.80495pt.

Overfull \hbox (10.0pt too wide) in paragraph at lines 45--46
[][] 
 []

[1

{/usr/local/texlive/2013/texmf-var/fonts/map/pdftex/updmap/pdftex.map}]
<Mahmut_Data_Analysis_02.pdf, id=12, 1003.75pt x 1003.75pt>
File: Mahmut_Data_Analysis_02.pdf Graphic file (type pdf)

<use Mahmut_Data_Analysis_02.pdf>
Package pdftex.def Info: Mahmut_Data_Analysis_02.pdf used on input line 54.
(pdftex.def)             Requested size: 469.75502pt x 469.75618pt.

Overfull \hbox (10.0pt too wide) in paragraph at lines 54--55
[][] 
 []

[2 <./Mahmut_Data_Analysis_01.pdf>]
LaTeX Font Info:    External font `cmex10' loaded for size
(Font)              <7> on input line 56.
LaTeX Font Info:    External font `cmex10' loaded for size
(Font)              <5> on input line 56.

<Mahmut_Data_Analysis_03.pdf, id=19, 1003.75pt x 602.25pt>
File: Mahmut_Data_Analysis_03.pdf Graphic file (type pdf)

<use Mahmut_Data_Analysis_03.pdf>
Package pdftex.def Info: Mahmut_Data_Analysis_03.pdf used on input line 62.
(pdftex.def)             Requested size: 469.75502pt x 281.8537pt.

Overfull \hbox (10.0pt too wide) in paragraph at lines 62--63
[][] 
 []

[3 <./Mahmut_Data_Analysis_02.pdf>]
<Mahmut_Data_Analysis_04.pdf, id=27, 1003.75pt x 501.875pt>
File: Mahmut_Data_Analysis_04.pdf Graphic file (type pdf)

<use Mahmut_Data_Analysis_04.pdf>
Package pdftex.def Info: Mahmut_Data_Analysis_04.pdf used on input line 67.
(pdftex.def)             Requested size: 469.75502pt x 234.87808pt.

Overfull \hbox (10.0pt too wide) in paragraph at lines 67--68
[][] 
 []

[4 <./Mahmut_Data_Analysis_03.pdf> <./Mahmut_Data_Analysis_04.pdf>]
<Mahmut_Data_Analysis_05.pdf, id=38, 1304.875pt x 401.5pt>
File: Mahmut_Data_Analysis_05.pdf Graphic file (type pdf)

<use Mahmut_Data_Analysis_05.pdf>
Package pdftex.def Info: Mahmut_Data_Analysis_05.pdf used on input line 79.
(pdftex.def)             Requested size: 469.75502pt x 144.53989pt.

Overfull \hbox (10.0pt too wide) in paragraph at lines 79--80
[][] 
 []

<Mahmut_Data_Analysis_06.pdf, id=39, 1003.75pt x 602.25pt>
File: Mahmut_Data_Analysis_06.pdf Graphic file (type pdf)

<use Mahmut_Data_Analysis_06.pdf>
Package pdftex.def Info: Mahmut_Data_Analysis_06.pdf used on input line 84.
(pdftex.def)             Requested size: 469.75502pt x 281.8537pt.

Overfull \hbox (10.0pt too wide) in paragraph at lines 84--85
[][] 
 []

<Mahmut_Data_Analysis_07.pdf, id=40, 1304.875pt x 401.5pt>
File: Mahmut_Data_Analysis_07.pdf Graphic file (type pdf)

<use Mahmut_Data_Analysis_07.pdf>
Package pdftex.def Info: Mahmut_Data_Analysis_07.pdf used on input line 100.
(pdftex.def)             Requested size: 469.75502pt x 144.53989pt.

Overfull \hbox (10.0pt too wide) in paragraph at lines 100--101
[][] 
 []

[5 <./Mahmut_Data_Analysis_05.pdf> <./Mahmut_Data_Analysis_06.pdf>]
<Mahmut_Data_Analysis_08.pdf, id=52, 1304.875pt x 401.5pt>
File: Mahmut_Data_Analysis_08.pdf Graphic file (type pdf)

<use Mahmut_Data_Analysis_08.pdf>
Package pdftex.def Info: Mahmut_Data_Analysis_08.pdf used on input line 108.
(pdftex.def)             Requested size: 469.75502pt x 144.53989pt.

Overfull \hbox (10.0pt too wide) in paragraph at lines 108--109
[][] 
 []

<Mahmut_Data_Analysis_09.pdf, id=53, 1304.875pt x 401.5pt>
File: Mahmut_Data_Analysis_09.pdf Graphic file (type pdf)

<use Mahmut_Data_Analysis_09.pdf>
Package pdftex.def Info: Mahmut_Data_Analysis_09.pdf used on input line 120.
(pdftex.def)             Requested size: 469.75502pt x 144.53989pt.

Overfull \hbox (10.0pt too wide) in paragraph at lines 120--121
[][] 
 []

<Mahmut_Data_Analysis_10.pdf, id=54, 1003.75pt x 602.25pt>
File: Mahmut_Data_Analysis_10.pdf Graphic file (type pdf)

<use Mahmut_Data_Analysis_10.pdf>
Package pdftex.def Info: Mahmut_Data_Analysis_10.pdf used on input line 125.
(pdftex.def)             Requested size: 469.75502pt x 281.8537pt.

Overfull \hbox (10.0pt too wide) in paragraph at lines 125--126
[][] 
 []

[6 <./Mahmut_Data_Analysis_07.pdf> <./Mahmut_Data_Analysis_08.pdf> <./Mahmut_Da
ta_Analysis_09.pdf>]
<Mahmut_Data_Analysis_11.pdf, id=70, 1304.875pt x 401.5pt>
File: Mahmut_Data_Analysis_11.pdf Graphic file (type pdf)

<use Mahmut_Data_Analysis_11.pdf>
Package pdftex.def Info: Mahmut_Data_Analysis_11.pdf used on input line 134.
(pdftex.def)             Requested size: 469.75502pt x 144.53989pt.

Overfull \hbox (10.0pt too wide) in paragraph at lines 134--135
[][] 
 []

<Mahmut_Data_Analysis_12.pdf, id=71, 1304.875pt x 401.5pt>
File: Mahmut_Data_Analysis_12.pdf Graphic file (type pdf)

<use Mahmut_Data_Analysis_12.pdf>
Package pdftex.def Info: Mahmut_Data_Analysis_12.pdf used on input line 139.
(pdftex.def)             Requested size: 469.75502pt x 144.53989pt.

Overfull \hbox (10.0pt too wide) in paragraph at lines 139--140
[][] 
 []

[7 <./Mahmut_Data_Analysis_10.pdf> <./Mahmut_Data_Analysis_11.pdf>]
<Mahmut_Data_Analysis_13.pdf, id=83, 1003.75pt x 602.25pt>
File: Mahmut_Data_Analysis_13.pdf Graphic file (type pdf)

<use Mahmut_Data_Analysis_13.pdf>
Package pdftex.def Info: Mahmut_Data_Analysis_13.pdf used on input line 148.
(pdftex.def)             Requested size: 469.75502pt x 281.8537pt.

Overfull \hbox (10.0pt too wide) in paragraph at lines 148--149
[][] 
 []

[8 <./Mahmut_Data_Analysis_12.pdf> <./Mahmut_Data_Analysis_13.pdf>]
<Mahmut_Data_Analysis_14.pdf, id=94, 1304.875pt x 401.5pt>
File: Mahmut_Data_Analysis_14.pdf Graphic file (type pdf)

<use Mahmut_Data_Analysis_14.pdf>
Package pdftex.def Info: Mahmut_Data_Analysis_14.pdf used on input line 178.
(pdftex.def)             Requested size: 469.75502pt x 144.53989pt.

Overfull \hbox (10.0pt too wide) in paragraph at lines 178--179
[][] 
 []

<Mahmut_Data_Analysis_15.pdf, id=95, 1304.875pt x 401.5pt>
File: Mahmut_Data_Analysis_15.pdf Graphic file (type pdf)

<use Mahmut_Data_Analysis_15.pdf>
Package pdftex.def Info: Mahmut_Data_Analysis_15.pdf used on input line 183.
(pdftex.def)             Requested size: 469.75502pt x 144.53989pt.

Overfull \hbox (10.0pt too wide) in paragraph at lines 183--184
[][] 
 []

[9 <./Mahmut_Data_Analysis_14.pdf> <./Mahmut_Data_Analysis_15.pdf>]
(./Mahmut_Data_Analysis.aux) ) 
Here is how much of TeX's memory you used:
 2099 strings out of 493315
 31874 string characters out of 6137904
 93732 words of memory out of 5000000
 5529 multiletter control sequences out of 15000+600000
 7150 words of font info for 26 fonts, out of 8000000 for 9000
 957 hyphenation exceptions out of 8191
 38i,6n,32p,431b,243s stack positions out of 5000i,500n,10000p,200000b,80000s
</usr/local/texlive/2013/texmf-dist/fonts/type1/p
ublic/amsfonts/cm/cmbx12.pfb></usr/local/texlive/2013/texmf-dist/fonts/type1/pu
blic/amsfonts/cm/cmmi10.pfb></usr/local/texlive/2013/texmf-dist/fonts/type1/pub
lic/amsfonts/cm/cmr10.pfb></usr/local/texlive/2013/texmf-dist/fonts/type1/publi
c/amsfonts/cm/cmr12.pfb></usr/local/texlive/2013/texmf-dist/fonts/type1/public/
amsfonts/cm/cmr17.pfb></usr/local/texlive/2013/texmf-dist/fonts/type1/public/am
sfonts/cm/cmsy10.pfb></usr/local/texlive/2013/texmf-dist/fonts/type1/public/ams
fonts/cm/cmtt10.pfb>
Output written on Mahmut_Data_Analysis.pdf (9 pages, 6559982 bytes).
PDF statistics:
 130 PDF objects out of 1000 (max. 8388607)
 96 compressed objects within 1 object stream
 0 named destinations out of 1000 (max. 500000)
 76 words of extra memory for PDF output out of 10000 (max. 10000000)

